[02-Aug-2023 14:22:10] NOTICE: fpm is running, pid 9841
[02-Aug-2023 14:22:10] NOTICE: ready to handle connections
[03-Aug-2023 21:08:28] NOTICE: Terminating ...
[03-Aug-2023 21:08:28] NOTICE: Terminating ...
[03-Aug-2023 21:08:28] NOTICE: exiting, bye-bye!
[04-Aug-2023 12:49:06] NOTICE: fpm is running, pid 34667
[04-Aug-2023 12:49:06] NOTICE: ready to handle connections
[04-Aug-2023 13:06:57] NOTICE: Terminating ...
[04-Aug-2023 13:06:57] NOTICE: Terminating ...
[04-Aug-2023 13:06:57] NOTICE: exiting, bye-bye!
[07-Aug-2023 13:36:03] NOTICE: fpm is running, pid 75711
[07-Aug-2023 13:36:03] NOTICE: ready to handle connections
[07-Aug-2023 23:08:13] NOTICE: Terminating ...
[07-Aug-2023 23:08:13] NOTICE: Terminating ...
[07-Aug-2023 23:08:13] NOTICE: exiting, bye-bye!
[08-Aug-2023 14:02:02] NOTICE: fpm is running, pid 10881
[08-Aug-2023 14:02:02] NOTICE: ready to handle connections
[08-Aug-2023 20:58:57] NOTICE: Terminating ...
[08-Aug-2023 20:58:57] NOTICE: Terminating ...
[08-Aug-2023 20:58:57] NOTICE: exiting, bye-bye!
[09-Aug-2023 11:36:14] NOTICE: fpm is running, pid 40326
[09-Aug-2023 11:36:14] NOTICE: ready to handle connections
[10-Aug-2023 13:49:17] NOTICE: Terminating ...
[10-Aug-2023 13:49:17] NOTICE: Terminating ...
[10-Aug-2023 13:49:17] NOTICE: exiting, bye-bye!
[10-Aug-2023 13:49:19] NOTICE: fpm is running, pid 70811
[10-Aug-2023 13:49:19] NOTICE: ready to handle connections
[10-Aug-2023 16:10:08] NOTICE: Terminating ...
[10-Aug-2023 16:10:08] NOTICE: Terminating ...
[10-Aug-2023 16:10:08] NOTICE: exiting, bye-bye!
[11-Aug-2023 13:10:59] NOTICE: fpm is running, pid 86229
[11-Aug-2023 13:10:59] NOTICE: ready to handle connections
[11-Aug-2023 14:51:08] NOTICE: Terminating ...
[11-Aug-2023 14:51:08] NOTICE: Terminating ...
[11-Aug-2023 14:51:08] NOTICE: exiting, bye-bye!
[12-Aug-2023 17:05:55] NOTICE: fpm is running, pid 7517
[12-Aug-2023 17:05:55] NOTICE: ready to handle connections
[12-Aug-2023 19:47:40] NOTICE: Terminating ...
[12-Aug-2023 19:47:40] NOTICE: Terminating ...
[12-Aug-2023 19:47:40] NOTICE: exiting, bye-bye!
[14-Aug-2023 10:55:00] NOTICE: fpm is running, pid 29703
[14-Aug-2023 10:55:00] NOTICE: ready to handle connections
[14-Aug-2023 14:05:27] NOTICE: Terminating ...
[14-Aug-2023 14:05:27] NOTICE: Terminating ...
[14-Aug-2023 14:05:27] NOTICE: exiting, bye-bye!
[15-Aug-2023 11:57:36] NOTICE: fpm is running, pid 50106
[15-Aug-2023 11:57:36] NOTICE: ready to handle connections
[15-Aug-2023 23:43:55] NOTICE: Terminating ...
[15-Aug-2023 23:43:55] NOTICE: Terminating ...
[15-Aug-2023 23:43:55] NOTICE: exiting, bye-bye!
[16-Aug-2023 11:09:37] NOTICE: fpm is running, pid 69311
[16-Aug-2023 11:09:37] NOTICE: ready to handle connections
[16-Aug-2023 23:10:18] NOTICE: Terminating ...
[16-Aug-2023 23:10:18] NOTICE: Terminating ...
[16-Aug-2023 23:10:18] NOTICE: exiting, bye-bye!
[17-Aug-2023 10:51:33] NOTICE: fpm is running, pid 96449
[17-Aug-2023 10:51:33] NOTICE: ready to handle connections
[17-Aug-2023 16:18:21] NOTICE: Terminating ...
[17-Aug-2023 16:18:21] NOTICE: Terminating ...
[17-Aug-2023 16:18:21] NOTICE: exiting, bye-bye!
[18-Aug-2023 12:04:53] NOTICE: fpm is running, pid 16011
[18-Aug-2023 12:04:53] NOTICE: ready to handle connections
[18-Aug-2023 17:21:39] NOTICE: Terminating ...
[18-Aug-2023 17:21:39] NOTICE: Terminating ...
[18-Aug-2023 17:21:39] NOTICE: exiting, bye-bye!
[19-Aug-2023 17:06:54] NOTICE: fpm is running, pid 32928
[19-Aug-2023 17:06:54] NOTICE: ready to handle connections
[19-Aug-2023 19:55:45] NOTICE: Terminating ...
[19-Aug-2023 19:55:45] NOTICE: Terminating ...
[19-Aug-2023 19:55:45] NOTICE: exiting, bye-bye!
[21-Aug-2023 12:19:34] NOTICE: fpm is running, pid 62436
[21-Aug-2023 12:19:34] NOTICE: ready to handle connections
[21-Aug-2023 12:48:28] NOTICE: Terminating ...
[21-Aug-2023 12:48:28] NOTICE: Terminating ...
[21-Aug-2023 12:48:28] NOTICE: exiting, bye-bye!
[21-Aug-2023 14:43:57] NOTICE: fpm is running, pid 74090
[21-Aug-2023 14:43:57] NOTICE: ready to handle connections
[21-Aug-2023 18:36:33] NOTICE: Terminating ...
[21-Aug-2023 18:36:33] NOTICE: Terminating ...
[21-Aug-2023 18:36:33] NOTICE: exiting, bye-bye!
[04-Sep-2023 19:31:38] NOTICE: fpm is running, pid 37991
[04-Sep-2023 19:31:38] NOTICE: ready to handle connections
[04-Sep-2023 21:20:12] NOTICE: Terminating ...
[04-Sep-2023 21:20:12] NOTICE: Terminating ...
[04-Sep-2023 21:20:12] NOTICE: exiting, bye-bye!
[05-Sep-2023 10:55:05] NOTICE: fpm is running, pid 48149
[05-Sep-2023 10:55:05] NOTICE: ready to handle connections
[05-Sep-2023 14:41:44] NOTICE: Terminating ...
[05-Sep-2023 14:41:44] NOTICE: Terminating ...
[05-Sep-2023 14:41:44] NOTICE: exiting, bye-bye!
[05-Sep-2023 14:41:46] NOTICE: fpm is running, pid 54472
[05-Sep-2023 14:41:46] NOTICE: ready to handle connections
[05-Sep-2023 19:28:52] NOTICE: Terminating ...
[05-Sep-2023 19:28:52] NOTICE: Terminating ...
[05-Sep-2023 19:28:52] NOTICE: exiting, bye-bye!
[11-Sep-2023 12:26:41] NOTICE: fpm is running, pid 15752
[11-Sep-2023 12:26:41] NOTICE: ready to handle connections
[11-Sep-2023 19:36:37] NOTICE: Terminating ...
[11-Sep-2023 19:36:37] NOTICE: Terminating ...
[11-Sep-2023 19:36:37] NOTICE: exiting, bye-bye!
[12-Sep-2023 14:30:29] NOTICE: fpm is running, pid 43640
[12-Sep-2023 14:30:29] NOTICE: ready to handle connections
[12-Sep-2023 20:47:40] NOTICE: Terminating ...
[12-Sep-2023 20:47:40] NOTICE: Terminating ...
[12-Sep-2023 20:47:40] NOTICE: exiting, bye-bye!
[13-Sep-2023 10:37:31] NOTICE: fpm is running, pid 61501
[13-Sep-2023 10:37:31] NOTICE: ready to handle connections
[13-Sep-2023 19:00:25] NOTICE: Terminating ...
[13-Sep-2023 19:00:25] NOTICE: Terminating ...
[13-Sep-2023 19:00:25] NOTICE: exiting, bye-bye!
[14-Sep-2023 10:54:15] NOTICE: fpm is running, pid 97894
[14-Sep-2023 10:54:16] NOTICE: ready to handle connections
[14-Sep-2023 21:20:02] NOTICE: Terminating ...
[14-Sep-2023 21:20:02] NOTICE: Terminating ...
[14-Sep-2023 21:20:02] NOTICE: exiting, bye-bye!
[18-Oct-2023 12:18:41] NOTICE: fpm is running, pid 15963
[18-Oct-2023 12:18:41] NOTICE: ready to handle connections
